2026-03-17 00:37:16, MOVE, v:1, k:ed@fuga, mode:PICK
2026-03-17 00:37:18, EXEC, v:1, k:ed@fuga, mode:FULL, rate:0, size:14
2026-03-17 00:43:09, EXEC, v:1, k:ed@fuga, mode:FULL, rate:0, size:24
2026-03-17 00:44:37, EXEC, v:1, k:ed@fuga, mode:FULL, rate:0, size:21
2026-03-17 00:47:34, EXEC, v:1, k:ed@fuga, mode:FULL, rate:0, size:27
2026-03-17 00:47:36, EXEC, v:1, k:ed@fuga, mode:FULL, rate:0
2026-03-17 00:49:42, EXEC, v:1, k:ed@fuga, mode:FULL, rate:0, size:30
2026-03-17 00:50:04, EXEC, v:1, k:ed@fuga, mode:FULL, rate:0, size:27
2026-03-17 00:50:05, EXEC, v:1, k:ed@fuga, mode:FULL, rate:0
2026-03-17 00:50:12, MOVE, v:1, k:ed@fuga, mode:BACK
2026-03-17 00:50:24, MOVE, v:1, k:ed@fuga, mode:PICK
2026-03-17 00:50:25, EXEC, v:1, k:ed@fuga, mode:FULL, rate:0
2026-03-17 00:51:37, EXEC, v:1, k:ed@fuga, mode:FULL, rate:0, size:25
2026-03-17 00:51:52, EXEC, v:1, k:ed@fuga, mode:FULL, rate:20, size:24
2026-03-17 00:52:25, EXEC, v:1, k:ed@fuga, mode:FULL, rate:80, size:24
2026-03-17 00:56:42, EXEC, v:1, k:ed@fuga, mode:FULL, rate:80, size:24
2026-03-17 00:56:49, MOVE, v:1, k:ed@fuga, mode:BACK
2026-03-17 00:57:33, MOVE, v:1, k:ed@fuga, mode:PICK
2026-03-17 00:57:34, EXEC, v:1, k:ed@fuga, mode:FULL, rate:80
2026-03-17 00:59:14, EXEC, v:1, k:ed@fuga, mode:FULL, rate:80, size:25
2026-03-17 00:59:28, EXEC, v:1, k:ed@fuga, mode:FULL, rate:80, size:24
2026-03-17 00:59:32, EXEC, v:1, k:ed@fuga, mode:FULL, rate:80, size:24
2026-03-17 01:00:06, EXEC, v:1, k:ed@fuga, mode:FULL, rate:80
2026-03-17 01:00:08, EXEC, v:1, k:ed@fuga, mode:FULL, rate:80
2026-03-17 01:10:39, MOVE, v:1, k:ed@fuga, mode:BACK
2026-03-17 01:15:53, MOVE, v:1, k:ed@fuga, mode:PICK
2026-03-17 01:15:55, EXEC, v:1, k:ed@fuga, mode:FULL, rate:0, size:26
2026-03-17 01:17:24, EXEC, v:1, k:ed@fuga, mode:FULL, rate:0, size:33
2026-03-17 01:17:47, EXEC, v:1, k:ed@fuga, mode:FULL, rate:0, size:30
2026-03-17 01:18:10, EXEC, v:1, k:ed@fuga, mode:FULL, rate:0, size:34
2026-03-17 01:18:35, EXEC, v:1, k:ed@fuga, mode:FULL, rate:20, size:34
2026-03-17 01:19:07, EXEC, v:1, k:ed@fuga, mode:FULL, rate:0, size:24
2026-03-17 01:19:13, EXEC, v:1, k:ed@fuga, mode:FULL, rate:0
2026-03-17 01:19:28, EXEC, v:1, k:ed@fuga, mode:FULL, rate:100, size:24
2026-03-17 01:22:53, EXEC, v:1, k:ed@fuga, mode:FULL, rate:0, size:33
2026-03-17 01:23:53, EXEC, v:1, k:ed@fuga, mode:FULL, rate:10, size:41
2026-03-17 01:24:24, EXEC, v:1, k:ed@fuga, mode:FULL, rate:60, size:41
2026-03-17 01:25:45, EXEC, v:1, k:ed@fuga, mode:FULL, rate:30, size:23
2026-03-17 01:26:07, EXEC, v:1, k:ed@fuga, mode:FULL, rate:30, size:26
2026-03-17 01:26:28, EXEC, v:1, k:ed@fuga, mode:FULL, rate:100, size:28
2026-03-17 01:28:18, EXEC, v:1, k:ed@fuga, mode:FULL, rate:0, size:50
2026-03-17 01:29:08, EXEC, v:1, k:ed@fuga, mode:FULL, rate:100, size:28
2026-03-17 01:29:08, MOVE, v:1, k:ed@fuga, mode:BACK
2026-03-17 01:30:23, SELF, v:1, k:ed@fuga, self:1, rate:100, study:60, friend:Mayson, concept:1
2026-03-17 01:30:24, MOVE, v:1, k:ed@pedra, mode:DOWN
2026-03-17 01:32:05, MOVE, v:1, k:ed@pedra, mode:PICK
2026-03-17 01:32:06, EXEC, v:1, k:ed@pedra, mode:FULL, rate:0, size:5
2026-03-17 02:22:40, MOVE, v:1, k:ed@pedra, mode:PICK
2026-03-17 02:22:43, EXEC, v:1, k:ed@pedra, mode:FULL, rate:0, size:13
2026-03-17 02:22:45, EXEC, v:1, k:ed@pedra, mode:FULL, rate:0
2026-03-17 02:23:03, EXEC, v:1, k:ed@pedra, mode:FREE, size:13
2026-03-17 02:23:38, MOVE, v:1, k:ed@pedra, mode:PICK
2026-03-17 02:23:39, MOVE, v:1, k:ed@pedra, mode:BACK
2026-03-17 02:23:44, MOVE, v:1, k:ed@pedra, mode:PICK
2026-03-17 02:23:46, EXEC, v:1, k:ed@pedra, mode:FULL, rate:0, size:14
2026-03-17 02:23:46, EXEC, v:1, k:ed@pedra, mode:FREE, size:14
2026-03-17 02:27:14, MOVE, v:1, k:ed@pedra, mode:PICK
2026-03-17 02:27:16, EXEC, v:1, k:ed@pedra, mode:FULL, rate:0, size:20
2026-03-17 02:27:17, EXEC, v:1, k:ed@pedra, mode:FREE
2026-03-17 02:33:12, MOVE, v:1, k:ed@pedra, mode:BACK
2026-03-17 11:16:13, MOVE, v:1, k:ed@pedra, mode:PICK
2026-03-17 11:16:15, EXEC, v:1, k:ed@pedra, mode:FULL, rate:0, size:27
2026-03-17 11:16:23, EXEC, v:1, k:ed@pedra, mode:FREE
2026-03-17 11:16:43, EXEC, v:1, k:ed@pedra, mode:FULL, rate:0
2026-03-17 11:16:45, EXEC, v:1, k:ed@pedra, mode:FULL, rate:0
2026-03-17 11:16:47, MOVE, v:1, k:ed@pedra, mode:BACK
2026-03-17 11:16:49, MOVE, v:1, k:ed@pedra, mode:PICK
2026-03-17 11:16:51, EXEC, v:1, k:ed@pedra, mode:FULL, rate:0
2026-03-17 11:31:52, EXEC, v:1, k:ed@pedra, mode:FULL, size:32, fail:COMP
2026-03-17 11:34:14, EXEC, v:1, k:ed@pedra, mode:FULL, rate:0, size:32
2026-03-17 11:36:06, EXEC, v:1, k:ed@pedra, mode:FULL, size:32, fail:COMP
2026-03-17 11:36:13, EXEC, v:1, k:ed@pedra, mode:FULL, rate:0, size:31
2026-03-17 11:39:03, EXEC, v:1, k:ed@pedra, mode:FULL, rate:0, size:35
2026-03-17 11:41:27, EXEC, v:1, k:ed@pedra, mode:FULL, rate:0, size:33
2026-03-17 11:42:04, EXEC, v:1, k:ed@pedra, mode:FULL, rate:25, size:34
2026-03-17 11:48:56, EXEC, v:1, k:ed@pedra, mode:FULL, rate:25, size:28
2026-03-17 11:51:24, EXEC, v:1, k:ed@pedra, mode:FULL, rate:25, size:32
2026-03-17 11:55:51, EXEC, v:1, k:ed@pedra, mode:FULL, rate:0, size:30
2026-03-17 11:58:16, EXEC, v:1, k:ed@pedra, mode:FULL, rate:75, size:33
2026-03-17 11:59:15, EXEC, v:1, k:ed@pedra, mode:FULL, rate:0, size:35
2026-03-17 11:59:28, EXEC, v:1, k:ed@pedra, mode:FULL, rate:75, size:33
2026-03-17 12:00:13, EXEC, v:1, k:ed@pedra, mode:FULL, rate:100, size:37
2026-03-17 12:00:24, MOVE, v:1, k:ed@pedra, mode:BACK
2026-03-17 12:01:00, SELF, v:1, k:ed@pedra, self:1, rate:100, study:80, concept:1
2026-03-17 12:01:51, SELF, v:1, k:ed@pedra, self:1, rate:100, study:80, concept:1
2026-03-17 13:37:33, MOVE, v:1, k:ed@pintando, mode:PICK
2026-03-17 13:37:53, MOVE, v:1, k:ed@pintando, mode:BACK
2026-03-17 13:37:53, MOVE, v:1, k:ed@pintando, mode:PICK
2026-03-17 13:37:54, MOVE, v:1, k:ed@pintando, mode:BACK
2026-03-17 13:38:07, MOVE, v:1, k:ed@pintando, mode:PICK
2026-03-17 13:38:08, EXEC, v:1, k:ed@pintando, mode:FULL, rate:100
2026-03-17 13:38:11, MOVE, v:1, k:ed@pintando, mode:BACK
2026-03-17 13:38:13, MOVE, v:1, k:ed@mumia, mode:PICK
2026-03-17 13:38:15, EXEC, v:1, k:ed@mumia, mode:FULL, rate:100
2026-03-17 13:38:15, MOVE, v:1, k:ed@mumia, mode:BACK
2026-03-17 13:38:16, MOVE, v:1, k:ed@fuga, mode:PICK
2026-03-17 13:38:17, EXEC, v:1, k:ed@fuga, mode:FULL, rate:100
2026-03-17 13:38:18, MOVE, v:1, k:ed@fuga, mode:BACK
2026-03-17 13:38:18, MOVE, v:1, k:ed@pedra, mode:PICK
2026-03-17 13:38:19, EXEC, v:1, k:ed@pedra, mode:FULL, rate:100
2026-03-17 13:38:20, MOVE, v:1, k:ed@pedra, mode:BACK
2026-03-17 13:38:30, SELF, v:1, k:ed@pintando, self:1, rate:100, study:15
2026-03-17 13:38:45, SELF, v:1, k:ed@mumia, self:1, rate:100, study:15
2026-03-17 13:38:50, MOVE, v:1, k:ed@fuga, mode:PICK
2026-03-17 13:38:52, MOVE, v:1, k:ed@fuga, mode:BACK
2026-03-17 13:39:20, SELF, v:1, k:ed@fuga, self:1, rate:100, study:60, friend:Mayson, concept:1
2026-03-17 13:39:22, MOVE, v:1, k:ed@pedra, mode:PICK
2026-03-17 13:39:23, MOVE, v:1, k:ed@pedra, mode:BACK
2026-03-17 13:39:41, MOVE, v:1, k:ed@fuga, mode:PICK
2026-03-17 13:39:42, MOVE, v:1, k:ed@fuga, mode:BACK
2026-03-17 13:39:50, SELF, v:1, k:ed@fuga, self:1, rate:100, study:60, concept:1
2026-03-17 13:40:24, SELF, v:1, k:ed@pedra, self:1, rate:100, study:80, concept:1
2026-03-17 13:40:25, MOVE, v:1, k:ed@fuga, mode:PICK
2026-03-17 13:40:27, MOVE, v:1, k:ed@fuga, mode:BACK
2026-03-17 13:40:33, SELF, v:1, k:ed@fuga, self:1, rate:100, study:60, friend:Mayson, concept:1
2026-03-17 13:41:14, SELF, v:1, k:sandbox@user_001, self:1, rate:100, study:30
