2026-03-23 01:55:08, MOVE, v:1, k:ed@baruel, mode:PICK
2026-03-23 01:56:23, EXEC, v:1, k:ed@baruel, mode:FULL, rate:0
2026-03-23 02:09:42, EXEC, v:1, k:ed@baruel, mode:FULL, rate:0, size:28
2026-03-23 02:11:56, MOVE, v:1, k:ed@baruel, mode:BACK
2026-03-23 02:11:58, MOVE, v:1, k:ed@baruel, mode:PICK
2026-03-23 02:12:00, EXEC, v:1, k:ed@baruel, mode:FULL, rate:0, size:26
2026-03-23 02:13:08, EXEC, v:1, k:ed@baruel, mode:FULL, rate:0, size:30
2026-03-23 02:13:55, EXEC, v:1, k:ed@baruel, mode:FULL, rate:0, size:30
2026-03-23 02:15:16, EXEC, v:1, k:ed@baruel, mode:FULL, rate:0, size:32
2026-03-23 02:15:45, EXEC, v:1, k:ed@baruel, mode:FULL, rate:0, size:32
2026-03-23 02:15:56, EXEC, v:1, k:ed@baruel, mode:FULL, rate:0, size:32
2026-03-23 02:16:20, EXEC, v:1, k:ed@baruel, mode:FULL, rate:0, size:32
2026-03-23 02:16:40, EXEC, v:1, k:ed@baruel, mode:FULL, rate:0, size:32
2026-03-23 02:16:46, EXEC, v:1, k:ed@baruel, mode:FULL, rate:0, size:30
2026-03-23 02:19:54, EXEC, v:1, k:ed@baruel, mode:FULL, rate:0, size:40
2026-03-23 02:20:11, EXEC, v:1, k:ed@baruel, mode:FULL, rate:50, size:40
2026-03-23 02:21:15, EXEC, v:1, k:ed@baruel, mode:FULL, size:44, fail:COMP
2026-03-23 02:21:30, EXEC, v:1, k:ed@baruel, mode:FULL, rate:50, size:45
2026-03-23 02:21:38, EXEC, v:1, k:ed@baruel, mode:FULL, rate:75, size:45
2026-03-23 02:22:09, EXEC, v:1, k:ed@baruel, mode:FULL, rate:75, size:43
2026-03-23 02:22:34, EXEC, v:1, k:ed@baruel, mode:FULL, rate:50, size:44
2026-03-23 02:22:56, EXEC, v:1, k:ed@baruel, mode:FULL, rate:50, size:49
2026-03-23 02:23:06, EXEC, v:1, k:ed@baruel, mode:FULL, rate:100, size:49
2026-03-23 02:23:11, MOVE, v:1, k:ed@baruel, mode:BACK
2026-03-23 02:23:39, SELF, v:1, k:ed@baruel, self:1, rate:100, study:90, concept:1
