2026-03-11 13:48:51, MOVE, v:1, k:sandbox@user_001, mode:PICK
2026-03-11 13:49:05, EXEC, v:1, k:sandbox@user_001, mode:LOCK, rate:0, size:5
2026-03-11 13:49:06, EXEC, v:1, k:sandbox@user_001, mode:LOCK, rate:0
2026-03-11 13:49:06, EXEC, v:1, k:sandbox@user_001, mode:LOCK, rate:0
2026-03-11 13:49:06, EXEC, v:1, k:sandbox@user_001, mode:LOCK, rate:0
2026-03-11 13:49:07, EXEC, v:1, k:sandbox@user_001, mode:LOCK, rate:0
2026-03-11 13:49:07, EXEC, v:1, k:sandbox@user_001, mode:LOCK, rate:0
2026-03-11 13:58:47, EXEC, v:1, k:sandbox@user_001, mode:LOCK, rate:0, size:10
2026-03-11 13:58:49, EXEC, v:1, k:sandbox@user_001, mode:LOCK, rate:0
2026-03-11 13:58:50, EXEC, v:1, k:sandbox@user_001, mode:LOCK, rate:0
2026-03-11 13:58:54, EXEC, v:1, k:sandbox@user_001, mode:LOCK, rate:0
2026-03-11 13:58:55, EXEC, v:1, k:sandbox@user_001, mode:FREE
2026-03-11 14:01:15, EXEC, v:1, k:sandbox@user_001, mode:FREE, size:10
2026-03-11 14:15:36, MOVE, v:1, k:sandbox@user_001, mode:BACK
2026-03-11 14:16:03, MOVE, v:1, k:sandbox@user_001, mode:PICK
2026-03-11 14:16:04, EXEC, v:1, k:sandbox@user_001, mode:LOCK, rate:0, size:27
2026-03-11 14:17:40, EXEC, v:1, k:sandbox@user_001, mode:LOCK, rate:0
2026-03-11 14:17:40, EXEC, v:1, k:sandbox@user_001, mode:LOCK, rate:0
2026-03-11 14:17:41, EXEC, v:1, k:sandbox@user_001, mode:FREE
2026-03-11 14:23:04, EXEC, v:1, k:sandbox@user_001, mode:FULL, rate:0
2026-03-11 14:23:51, EXEC, v:1, k:sandbox@user_001, mode:FULL, rate:100, size:24
2026-03-11 14:23:53, EXEC, v:1, k:sandbox@user_001, mode:FULL, rate:100
2026-03-11 14:23:54, EXEC, v:1, k:sandbox@user_001, mode:FULL, rate:100
2026-03-11 14:24:02, EXEC, v:1, k:sandbox@user_001, mode:FULL, rate:0
2026-03-11 14:24:02, EXEC, v:1, k:sandbox@user_001, mode:FULL, rate:0
2026-03-11 14:24:14, EXEC, v:1, k:sandbox@user_001, mode:FULL, rate:0
2026-03-11 14:24:15, EXEC, v:1, k:sandbox@user_001, mode:FULL, rate:0
2026-03-11 14:24:24, EXEC, v:1, k:sandbox@user_001, mode:FULL, rate:100
2026-03-11 14:24:26, EXEC, v:1, k:sandbox@user_001, mode:FULL, rate:100
2026-03-11 14:24:33, EXEC, v:1, k:sandbox@user_001, mode:FULL, rate:0
2026-03-11 14:24:40, EXEC, v:1, k:sandbox@user_001, mode:FULL, rate:100
2026-03-11 14:25:10, MOVE, v:1, k:sandbox@user_001, mode:BACK
2026-03-11 14:34:31, MOVE, v:1, k:sandbox@user_001, mode:PICK
2026-03-11 14:34:48, EXEC, v:1, k:sandbox@user_001, mode:FREE
2026-03-11 14:34:59, EXEC, v:1, k:sandbox@user_001, mode:FULL, rate:100
2026-03-11 14:35:04, MOVE, v:1, k:sandbox@user_001, mode:BACK
2026-03-11 14:37:01, SELF, v:1, k:sandbox@user_001, self:1, rate:100, study:30
2026-03-11 14:37:21, SELF, v:1, k:sandbox@user_001, self:1, rate:100, study:35
